Build started 2014-12-25 23:04:33.
     1>Project "C:\Users\Ray\Desktop\Go\v0.3 Go_board\Go_board\Go_board\Go_board.vcxproj" on node 2 (Build target(s)).
     1>ClCompile:
         D:\Program Files (x86)\Microsoft Visual Studio 12.0\VC\bin\CL.exe /c /Zi /nologo /W3 /WX- /sdl /Od /Oi /Oy- /GL /D WIN32 /D NDEBUG /D _CONSOLE /D _LIB /D _UNICODE /D UNICODE /Gm- /EHsc /MD /GS /Gy /fp:precise /Zc:wchar_t /Zc:forScope /Fo"Release\\" /Fd"Release\vc120.pdb" /Gd /TC /analyze- /errorReport:prompt gtp.c interface.c
         gtp.c
     1>D:\Program Files (x86)\Microsoft Visual Studio 12.0\VC\include\cstring(18): error C2054: expected '(' to follow 'using'
     1>D:\Program Files (x86)\Microsoft Visual Studio 12.0\VC\include\cstring(18): error C2061: syntax error : identifier 'using'
     1>D:\Program Files (x86)\Microsoft Visual Studio 12.0\VC\include\cstring(18): error C2061: syntax error : identifier 'memcmp'
     1>D:\Program Files (x86)\Microsoft Visual Studio 12.0\VC\include\cstring(18): error C2059: syntax error : ';'
     1>D:\Program Files (x86)\Microsoft Visual Studio 12.0\VC\include\cstring(19): error C2061: syntax error : identifier 'memcpy'
     1>D:\Program Files (x86)\Microsoft Visual Studio 12.0\VC\include\cstring(19): error C2059: syntax error : ';'
     1>D:\Program Files (x86)\Microsoft Visual Studio 12.0\VC\include\cstring(19): error C2061: syntax error : identifier 'memmove'
     1>D:\Program Files (x86)\Microsoft Visual Studio 12.0\VC\include\cstring(19): error C2061: syntax error : identifier 'memset'
     1>D:\Program Files (x86)\Microsoft Visual Studio 12.0\VC\include\cstring(20): error C2061: syntax error : identifier 'strcat'
     1>D:\Program Files (x86)\Microsoft Visual Studio 12.0\VC\include\cstring(20): error C2059: syntax error : ';'
     1>D:\Program Files (x86)\Microsoft Visual Studio 12.0\VC\include\cstring(20): error C2061: syntax error : identifier 'strchr'
     1>D:\Program Files (x86)\Microsoft Visual Studio 12.0\VC\include\cstring(20): error C2061: syntax error : identifier 'strcmp'
     1>D:\Program Files (x86)\Microsoft Visual Studio 12.0\VC\include\cstring(21): error C2061: syntax error : identifier 'strcoll'
     1>D:\Program Files (x86)\Microsoft Visual Studio 12.0\VC\include\cstring(21): error C2059: syntax error : ';'
     1>D:\Program Files (x86)\Microsoft Visual Studio 12.0\VC\include\cstring(21): error C2061: syntax error : identifier 'strcpy'
     1>D:\Program Files (x86)\Microsoft Visual Studio 12.0\VC\include\cstring(21): error C2061: syntax error : identifier 'strcspn'
     1>D:\Program Files (x86)\Microsoft Visual Studio 12.0\VC\include\cstring(22): error C2061: syntax error : identifier 'strerror'
     1>D:\Program Files (x86)\Microsoft Visual Studio 12.0\VC\include\cstring(22): error C2059: syntax error : ';'
     1>D:\Program Files (x86)\Microsoft Visual Studio 12.0\VC\include\cstring(22): error C2061: syntax error : identifier 'strlen'
     1>D:\Program Files (x86)\Microsoft Visual Studio 12.0\VC\include\cstring(22): error C2061: syntax error : identifier 'strncat'
     1>D:\Program Files (x86)\Microsoft Visual Studio 12.0\VC\include\cstring(23): error C2061: syntax error : identifier 'strncmp'
     1>D:\Program Files (x86)\Microsoft Visual Studio 12.0\VC\include\cstring(23): error C2059: syntax error : ';'
     1>D:\Program Files (x86)\Microsoft Visual Studio 12.0\VC\include\cstring(23): error C2061: syntax error : identifier 'strncpy'
     1>D:\Program Files (x86)\Microsoft Visual Studio 12.0\VC\include\cstring(23): error C2061: syntax error : identifier 'strpbrk'
     1>D:\Program Files (x86)\Microsoft Visual Studio 12.0\VC\include\cstring(24): error C2061: syntax error : identifier 'strrchr'
     1>D:\Program Files (x86)\Microsoft Visual Studio 12.0\VC\include\cstring(24): error C2059: syntax error : ';'
     1>D:\Program Files (x86)\Microsoft Visual Studio 12.0\VC\include\cstring(24): error C2061: syntax error : identifier 'strspn'
     1>D:\Program Files (x86)\Microsoft Visual Studio 12.0\VC\include\cstring(24): error C2061: syntax error : identifier 'strstr'
     1>D:\Program Files (x86)\Microsoft Visual Studio 12.0\VC\include\cstring(25): error C2061: syntax error : identifier 'strtok'
     1>D:\Program Files (x86)\Microsoft Visual Studio 12.0\VC\include\cstring(25): error C2059: syntax error : ';'
     1>D:\Program Files (x86)\Microsoft Visual Studio 12.0\VC\include\cstring(25): error C2061: syntax error : identifier 'strxfrm'
         interface.c
     1>D:\Program Files (x86)\Microsoft Visual Studio 12.0\VC\include\cstdlib(18): error C2054: expected '(' to follow 'using'
     1>D:\Program Files (x86)\Microsoft Visual Studio 12.0\VC\include\cstdlib(18): error C2061: syntax error : identifier 'using'
     1>D:\Program Files (x86)\Microsoft Visual Studio 12.0\VC\include\cstdlib(19): error C2061: syntax error : identifier 'using'
     1>D:\Program Files (x86)\Microsoft Visual Studio 12.0\VC\include\cstdlib(19): error C2061: syntax error : identifier 'abs'
     1>D:\Program Files (x86)\Microsoft Visual Studio 12.0\VC\include\cstdlib(19): error C2059: syntax error : ';'
     1>D:\Program Files (x86)\Microsoft Visual Studio 12.0\VC\include\cstdlib(19): error C2061: syntax error : identifier 'atexit'
     1>D:\Program Files (x86)\Microsoft Visual Studio 12.0\VC\include\cstdlib(20): error C2061: syntax error : identifier 'atof'
     1>D:\Program Files (x86)\Microsoft Visual Studio 12.0\VC\include\cstdlib(20): error C2059: syntax error : ';'
     1>D:\Program Files (x86)\Microsoft Visual Studio 12.0\VC\include\cstdlib(20): error C2061: syntax error : identifier 'atoi'
     1>D:\Program Files (x86)\Microsoft Visual Studio 12.0\VC\include\cstdlib(20): error C2061: syntax error : identifier 'atol'
     1>D:\Program Files (x86)\Microsoft Visual Studio 12.0\VC\include\cstdlib(21): error C2061: syntax error : identifier 'bsearch'
     1>D:\Program Files (x86)\Microsoft Visual Studio 12.0\VC\include\cstdlib(21): error C2059: syntax error : ';'
     1>D:\Program Files (x86)\Microsoft Visual Studio 12.0\VC\include\cstdlib(21): error C2061: syntax error : identifier 'calloc'
     1>D:\Program Files (x86)\Microsoft Visual Studio 12.0\VC\include\cstdlib(21): error C2061: syntax error : identifier 'div'
     1>D:\Program Files (x86)\Microsoft Visual Studio 12.0\VC\include\cstdlib(22): error C2061: syntax error : identifier 'exit'
     1>D:\Program Files (x86)\Microsoft Visual Studio 12.0\VC\include\cstdlib(22): error C2059: syntax error : ';'
     1>D:\Program Files (x86)\Microsoft Visual Studio 12.0\VC\include\cstdlib(22): error C2061: syntax error : identifier 'free'
     1>D:\Program Files (x86)\Microsoft Visual Studio 12.0\VC\include\cstdlib(23): error C2061: syntax error : identifier 'labs'
     1>D:\Program Files (x86)\Microsoft Visual Studio 12.0\VC\include\cstdlib(23): error C2059: syntax error : ';'
     1>D:\Program Files (x86)\Microsoft Visual Studio 12.0\VC\include\cstdlib(23): error C2061: syntax error : identifier 'ldiv'
     1>D:\Program Files (x86)\Microsoft Visual Studio 12.0\VC\include\cstdlib(23): error C2061: syntax error : identifier 'malloc'
     1>D:\Program Files (x86)\Microsoft Visual Studio 12.0\VC\include\cstdlib(24): error C2061: syntax error : identifier 'mblen'
     1>D:\Program Files (x86)\Microsoft Visual Studio 12.0\VC\include\cstdlib(24): error C2059: syntax error : ';'
     1>D:\Program Files (x86)\Microsoft Visual Studio 12.0\VC\include\cstdlib(24): error C2061: syntax error : identifier 'mbstowcs'
     1>D:\Program Files (x86)\Microsoft Visual Studio 12.0\VC\include\cstdlib(24): error C2061: syntax error : identifier 'mbtowc'
     1>D:\Program Files (x86)\Microsoft Visual Studio 12.0\VC\include\cstdlib(25): error C2061: syntax error : identifier 'qsort'
     1>D:\Program Files (x86)\Microsoft Visual Studio 12.0\VC\include\cstdlib(25): error C2059: syntax error : ';'
     1>D:\Program Files (x86)\Microsoft Visual Studio 12.0\VC\include\cstdlib(25): error C2061: syntax error : identifier 'rand'
     1>D:\Program Files (x86)\Microsoft Visual Studio 12.0\VC\include\cstdlib(25): error C2061: syntax error : identifier 'realloc'
     1>D:\Program Files (x86)\Microsoft Visual Studio 12.0\VC\include\cstdlib(26): error C2061: syntax error : identifier 'srand'
     1>D:\Program Files (x86)\Microsoft Visual Studio 12.0\VC\include\cstdlib(26): error C2059: syntax error : ';'
     1>D:\Program Files (x86)\Microsoft Visual Studio 12.0\VC\include\cstdlib(26): error C2061: syntax error : identifier 'strtod'
     1>D:\Program Files (x86)\Microsoft Visual Studio 12.0\VC\include\cstdlib(26): error C2061: syntax error : identifier 'strtol'
     1>D:\Program Files (x86)\Microsoft Visual Studio 12.0\VC\include\cstdlib(27): error C2061: syntax error : identifier 'strtoul'
     1>D:\Program Files (x86)\Microsoft Visual Studio 12.0\VC\include\cstdlib(27): error C2059: syntax error : ';'
     1>D:\Program Files (x86)\Microsoft Visual Studio 12.0\VC\include\cstdlib(28): error C2061: syntax error : identifier 'wcstombs'
     1>D:\Program Files (x86)\Microsoft Visual Studio 12.0\VC\include\cstdlib(28): error C2059: syntax error : ';'
     1>D:\Program Files (x86)\Microsoft Visual Studio 12.0\VC\include\cstdlib(28): error C2061: syntax error : identifier 'wctomb'
     1>D:\Program Files (x86)\Microsoft Visual Studio 12.0\VC\include\cstdlib(30): error C2054: expected '(' to follow 'using'
     1>D:\Program Files (x86)\Microsoft Visual Studio 12.0\VC\include\cstdlib(33): error C2061: syntax error : identifier 'using'
     1>D:\Program Files (x86)\Microsoft Visual Studio 12.0\VC\include\cstdlib(34): error C2061: syntax error : identifier 'system'
     1>D:\Program Files (x86)\Microsoft Visual Studio 12.0\VC\include\cstdlib(34): error C2059: syntax error : ';'
     1>D:\Program Files (x86)\Microsoft Visual Studio 12.0\VC\include\cstdlib(37): error C2061: syntax error : identifier 'atoll'
     1>D:\Program Files (x86)\Microsoft Visual Studio 12.0\VC\include\cstdlib(37): error C2059: syntax error : ';'
     1>D:\Program Files (x86)\Microsoft Visual Studio 12.0\VC\include\cstdlib(37): error C2061: syntax error : identifier 'llabs'
     1>D:\Program Files (x86)\Microsoft Visual Studio 12.0\VC\include\cstdlib(37): error C2061: syntax error : identifier 'lldiv'
     1>D:\Program Files (x86)\Microsoft Visual Studio 12.0\VC\include\cstdlib(38): error C2061: syntax error : identifier 'strtof'
     1>D:\Program Files (x86)\Microsoft Visual Studio 12.0\VC\include\cstdlib(38): error C2059: syntax error : ';'
     1>D:\Program Files (x86)\Microsoft Visual Studio 12.0\VC\include\cstdlib(38): error C2061: syntax error : identifier 'strtold'
     1>D:\Program Files (x86)\Microsoft Visual Studio 12.0\VC\include\cstdlib(39): error C2061: syntax error : identifier 'strtoll'
     1>D:\Program Files (x86)\Microsoft Visual Studio 12.0\VC\include\cstdlib(39): error C2059: syntax error : ';'
     1>D:\Program Files (x86)\Microsoft Visual Studio 12.0\VC\include\cstdlib(39): error C2061: syntax error : identifier 'strtoull'
     1>D:\Program Files (x86)\Microsoft Visual Studio 12.0\VC\include\xtgmath.h(214): warning C4602: #pragma pop_macro : 'new' no previous #pragma push_macro for this identifier
     1>D:\Program Files (x86)\Microsoft Visual Studio 12.0\VC\include\xtgmath.h(215): warning C4193: #pragma warning(pop) : no matching '#pragma warning(push)'
     1>D:\Program Files (x86)\Microsoft Visual Studio 12.0\VC\include\xtgmath.h(216): warning C4161: #pragma pack(pop...) : more pops than pushes
     1>D:\Program Files (x86)\Microsoft Visual Studio 12.0\VC\include\cmath(23): error C2061: syntax error : identifier 'abs'
     1>D:\Program Files (x86)\Microsoft Visual Studio 12.0\VC\include\cmath(23): error C2059: syntax error : ';'
     1>D:\Program Files (x86)\Microsoft Visual Studio 12.0\VC\include\cmath(23): error C2061: syntax error : identifier 'acos'
     1>D:\Program Files (x86)\Microsoft Visual Studio 12.0\VC\include\cmath(23): error C2061: syntax error : identifier 'asin'
     1>D:\Program Files (x86)\Microsoft Visual Studio 12.0\VC\include\cmath(24): error C2061: syntax error : identifier 'atan'
     1>D:\Program Files (x86)\Microsoft Visual Studio 12.0\VC\include\cmath(24): error C2059: syntax error : ';'
     1>D:\Program Files (x86)\Microsoft Visual Studio 12.0\VC\include\cmath(24): error C2061: syntax error : identifier 'atan2'
     1>D:\Program Files (x86)\Microsoft Visual Studio 12.0\VC\include\cmath(24): error C2061: syntax error : identifier 'ceil'
     1>D:\Program Files (x86)\Microsoft Visual Studio 12.0\VC\include\cmath(25): error C2061: syntax error : identifier 'cos'
     1>D:\Program Files (x86)\Microsoft Visual Studio 12.0\VC\include\cmath(25): error C2059: syntax error : ';'
     1>D:\Program Files (x86)\Microsoft Visual Studio 12.0\VC\include\cmath(25): error C2061: syntax error : identifier 'cosh'
     1>D:\Program Files (x86)\Microsoft Visual Studio 12.0\VC\include\cmath(25): error C2061: syntax error : identifier 'exp'
     1>D:\Program Files (x86)\Microsoft Visual Studio 12.0\VC\include\cmath(26): error C2061: syntax error : identifier 'fabs'
     1>D:\Program Files (x86)\Microsoft Visual Studio 12.0\VC\include\cmath(26): error C2059: syntax error : ';'
     1>D:\Program Files (x86)\Microsoft Visual Studio 12.0\VC\include\cmath(26): error C2061: syntax error : identifier 'floor'
     1>D:\Program Files (x86)\Microsoft Visual Studio 12.0\VC\include\cmath(26): error C2061: syntax error : identifier 'fmod'
     1>D:\Program Files (x86)\Microsoft Visual Studio 12.0\VC\include\cmath(27): error C2061: syntax error : identifier 'frexp'
     1>D:\Program Files (x86)\Microsoft Visual Studio 12.0\VC\include\cmath(27): error C2059: syntax error : ';'
     1>D:\Program Files (x86)\Microsoft Visual Studio 12.0\VC\include\cmath(27): error C2061: syntax error : identifier 'ldexp'
     1>D:\Program Files (x86)\Microsoft Visual Studio 12.0\VC\include\cmath(27): error C2061: syntax error : identifier 'log'
     1>D:\Program Files (x86)\Microsoft Visual Studio 12.0\VC\include\cmath(28): error C2061: syntax error : identifier 'log10'
     1>D:\Program Files (x86)\Microsoft Visual Studio 12.0\VC\include\cmath(28): error C2059: syntax error : ';'
     1>D:\Program Files (x86)\Microsoft Visual Studio 12.0\VC\include\cmath(28): error C2061: syntax error : identifier 'modf'
     1>D:\Program Files (x86)\Microsoft Visual Studio 12.0\VC\include\cmath(28): error C2061: syntax error : identifier 'pow'
     1>D:\Program Files (x86)\Microsoft Visual Studio 12.0\VC\include\cmath(29): error C2061: syntax error : identifier 'sin'
     1>D:\Program Files (x86)\Microsoft Visual Studio 12.0\VC\include\cmath(29): error C2059: syntax error : ';'
     1>D:\Program Files (x86)\Microsoft Visual Studio 12.0\VC\include\cmath(29): error C2061: syntax error : identifier 'sinh'
     1>D:\Program Files (x86)\Microsoft Visual Studio 12.0\VC\include\cmath(29): error C2061: syntax error : identifier 'sqrt'
     1>D:\Program Files (x86)\Microsoft Visual Studio 12.0\VC\include\cmath(30): error C2061: syntax error : identifier 'tan'
     1>D:\Program Files (x86)\Microsoft Visual Studio 12.0\VC\include\cmath(30): error C2059: syntax error : ';'
     1>D:\Program Files (x86)\Microsoft Visual Studio 12.0\VC\include\cmath(30): error C2061: syntax error : identifier 'tanh'
     1>D:\Program Files (x86)\Microsoft Visual Studio 12.0\VC\include\cmath(32): error C2061: syntax error : identifier 'acosf'
     1>D:\Program Files (x86)\Microsoft Visual Studio 12.0\VC\include\cmath(32): error C2059: syntax error : ';'
     1>D:\Program Files (x86)\Microsoft Visual Studio 12.0\VC\include\cmath(32): error C2061: syntax error : identifier 'asinf'
     1>D:\Program Files (x86)\Microsoft Visual Studio 12.0\VC\include\cmath(33): error C2061: syntax error : identifier 'atanf'
     1>D:\Program Files (x86)\Microsoft Visual Studio 12.0\VC\include\cmath(33): error C2059: syntax error : ';'
     1>D:\Program Files (x86)\Microsoft Visual Studio 12.0\VC\include\cmath(33): error C2061: syntax error : identifier 'atan2f'
     1>D:\Program Files (x86)\Microsoft Visual Studio 12.0\VC\include\cmath(33): error C2061: syntax error : identifier 'ceilf'
     1>D:\Program Files (x86)\Microsoft Visual Studio 12.0\VC\include\cmath(34): error C2061: syntax error : identifier 'cosf'
     1>D:\Program Files (x86)\Microsoft Visual Studio 12.0\VC\include\cmath(34): error C2059: syntax error : ';'
     1>D:\Program Files (x86)\Microsoft Visual Studio 12.0\VC\include\cmath(34): error C2061: syntax error : identifier 'coshf'
     1>D:\Program Files (x86)\Microsoft Visual Studio 12.0\VC\include\cmath(34): error C2061: syntax error : identifier 'expf'
     1>D:\Program Files (x86)\Microsoft Visual Studio 12.0\VC\include\cmath(35): error C2061: syntax error : identifier 'fabsf'
     1>D:\Program Files (x86)\Microsoft Visual Studio 12.0\VC\include\cmath(35): error C2059: syntax error : ';'
     1>D:\Program Files (x86)\Microsoft Visual Studio 12.0\VC\include\cmath(35): error C2061: syntax error : identifier 'floorf'
     1>D:\Program Files (x86)\Microsoft Visual Studio 12.0\VC\include\cmath(35): error C2061: syntax error : identifier 'fmodf'
     1>D:\Program Files (x86)\Microsoft Visual Studio 12.0\VC\include\cmath(36): error C2061: syntax error : identifier 'frexpf'
     1>D:\Program Files (x86)\Microsoft Visual Studio 12.0\VC\include\cmath(36): error C2059: syntax error : ';'
     1>D:\Program Files (x86)\Microsoft Visual Studio 12.0\VC\include\cmath(36): error C2061: syntax error : identifier 'ldexpf'
     1>D:\Program Files (x86)\Microsoft Visual Studio 12.0\VC\include\cmath(36): fatal error C1003: error count exceeds 100; stopping compilation
     1>Done Building Project "C:\Users\Ray\Desktop\Go\v0.3 Go_board\Go_board\Go_board\Go_board.vcxproj" (Build target(s)) -- FAILED.

Build FAILED.

Time Elapsed 00:00:01.41
